0 info it worked if it ends with ok
1 verbose cli [ 'C:\\Program Files\\nodejs\\node.exe',
1 verbose cli   'C:\\Program Files\\nodejs\\node_modules\\npm\\bin\\npm-cli.js',
1 verbose cli   'install',
1 verbose cli   'time' ]
2 info using npm@2.15.8
3 info using node@v4.4.7
4 verbose install initial load of C:\wamp64\www\se\package.json
5 verbose installManyTop reading scoped package data from C:\wamp64\www\se\node_modules\better-console\package.json
6 verbose installManyTop reading scoped package data from C:\wamp64\www\se\node_modules\bootstrap-sass\package.json
7 verbose installManyTop reading scoped package data from C:\wamp64\www\se\node_modules\del\package.json
8 verbose installManyTop reading scoped package data from C:\wamp64\www\se\node_modules\express\package.json
9 verbose installManyTop reading scoped package data from C:\wamp64\www\se\node_modules\extend\package.json
10 verbose installManyTop reading scoped package data from C:\wamp64\www\se\node_modules\gulp\package.json
11 verbose installManyTop reading scoped package data from C:\wamp64\www\se\node_modules\gulp-autoprefixer\package.json
12 verbose installManyTop reading scoped package data from C:\wamp64\www\se\node_modules\gulp-chmod\package.json
13 verbose installManyTop reading scoped package data from C:\wamp64\www\se\node_modules\gulp-clean-css\package.json
14 verbose installManyTop reading scoped package data from C:\wamp64\www\se\node_modules\gulp-clone\package.json
15 verbose installManyTop reading scoped package data from C:\wamp64\www\se\node_modules\gulp-concat\package.json
16 verbose installManyTop reading scoped package data from C:\wamp64\www\se\node_modules\gulp-concat-css\package.json
17 verbose installManyTop reading scoped package data from C:\wamp64\www\se\node_modules\gulp-copy\package.json
18 verbose installManyTop reading scoped package data from C:\wamp64\www\se\node_modules\gulp-dedupe\package.json
19 verbose installManyTop reading scoped package data from C:\wamp64\www\se\node_modules\gulp-flatten\package.json
20 verbose installManyTop reading scoped package data from C:\wamp64\www\se\node_modules\gulp-header\package.json
21 verbose installManyTop reading scoped package data from C:\wamp64\www\se\node_modules\gulp-help\package.json
22 verbose installManyTop reading scoped package data from C:\wamp64\www\se\node_modules\gulp-if\package.json
23 verbose installManyTop reading scoped package data from C:\wamp64\www\se\node_modules\gulp-less\package.json
24 verbose installManyTop reading scoped package data from C:\wamp64\www\se\node_modules\gulp-notify\package.json
25 verbose installManyTop reading scoped package data from C:\wamp64\www\se\node_modules\gulp-plumber\package.json
26 verbose installManyTop reading scoped package data from C:\wamp64\www\se\node_modules\gulp-print\package.json
27 verbose installManyTop reading scoped package data from C:\wamp64\www\se\node_modules\gulp-rename\package.json
28 verbose installManyTop reading scoped package data from C:\wamp64\www\se\node_modules\gulp-replace\package.json
29 verbose installManyTop reading scoped package data from C:\wamp64\www\se\node_modules\gulp-rtlcss\package.json
30 verbose installManyTop reading scoped package data from C:\wamp64\www\se\node_modules\gulp-uglify\package.json
31 verbose installManyTop reading scoped package data from C:\wamp64\www\se\node_modules\gulp-util\package.json
32 verbose installManyTop reading scoped package data from C:\wamp64\www\se\node_modules\gulp-watch\package.json
33 verbose installManyTop reading scoped package data from C:\wamp64\www\se\node_modules\ioredis\package.json
34 verbose installManyTop reading scoped package data from C:\wamp64\www\se\node_modules\jquery\package.json
35 verbose installManyTop reading scoped package data from C:\wamp64\www\se\node_modules\laravel-elixir-webpack\package.json
36 verbose installManyTop reading scoped package data from C:\wamp64\www\se\node_modules\map-stream\package.json
37 verbose installManyTop reading scoped package data from C:\wamp64\www\se\node_modules\node-dev\package.json
38 verbose installManyTop reading scoped package data from C:\wamp64\www\se\node_modules\redis\package.json
39 verbose installManyTop reading scoped package data from C:\wamp64\www\se\node_modules\require-dot-file\package.json
40 verbose installManyTop reading scoped package data from C:\wamp64\www\se\node_modules\run-sequence\package.json
41 verbose installManyTop reading scoped package data from C:\wamp64\www\se\node_modules\semantic-ui\package.json
42 verbose installManyTop reading scoped package data from C:\wamp64\www\se\node_modules\socket.io\package.json
43 verbose installManyTop reading scoped package data from C:\wamp64\www\se\node_modules\vue\package.json
44 verbose installManyTop reading scoped package data from C:\wamp64\www\se\node_modules\vue-resource\package.json
45 verbose installManyTop reading scoped package data from C:\wamp64\www\se\node_modules\ws\package.json
46 verbose installManyTop reading scoped package data from C:\wamp64\www\se\node_modules\yamljs\package.json
47 info package.json better-console@1.0.0 license should be a valid SPDX license expression
48 info package.json gulp-clone@1.0.0 No license field.
49 info package.json gulp-concat-css@2.3.0 No license field.
50 info package.json gulp-notify@2.2.0 No license field.
51 info package.json gulp-rename@1.2.2 No license field.
52 verbose readDependencies loading dependencies from C:\wamp64\www\se\package.json
53 silly cache add args [ 'time', null ]
54 verbose cache add spec time
55 silly cache add parsed spec Result {
55 silly cache add   raw: 'time',
55 silly cache add   scope: null,
55 silly cache add   name: 'time',
55 silly cache add   rawSpec: '',
55 silly cache add   spec: 'latest',
55 silly cache add   type: 'tag' }
56 silly addNamed time@latest
57 verbose addNamed "latest" is being treated as a dist-tag for time
58 info addNameTag [ 'time', 'latest' ]
59 silly mapToRegistry name time
60 silly mapToRegistry using default registry
61 silly mapToRegistry registry https://registry.npmjs.org/
62 silly mapToRegistry data Result {
62 silly mapToRegistry   raw: 'time',
62 silly mapToRegistry   scope: null,
62 silly mapToRegistry   name: 'time',
62 silly mapToRegistry   rawSpec: '',
62 silly mapToRegistry   spec: 'latest',
62 silly mapToRegistry   type: 'tag' }
63 silly mapToRegistry uri https://registry.npmjs.org/time
64 verbose addNameTag registry:https://registry.npmjs.org/time not in flight; fetching
65 verbose request uri https://registry.npmjs.org/time
66 verbose request no auth needed
67 info attempt registry request try #1 at 3:35:46 PM
68 verbose request id 85081cfca5683501
69 http request GET https://registry.npmjs.org/time
70 http 200 https://registry.npmjs.org/time
71 verbose headers { server: 'nginx/1.10.1',
71 verbose headers   'content-type': 'application/json',
71 verbose headers   'last-modified': 'Fri, 28 Aug 2015 17:25:04 GMT',
71 verbose headers   etag: 'W/"55e09970-a534"',
71 verbose headers   'content-encoding': 'gzip',
71 verbose headers   'cache-control': 'max-age=300',
71 verbose headers   'content-length': '6265',
71 verbose headers   'accept-ranges': 'bytes',
71 verbose headers   date: 'Mon, 23 Jan 2017 12:05:45 GMT',
71 verbose headers   via: '1.1 varnish',
71 verbose headers   age: '0',
71 verbose headers   connection: 'keep-alive',
71 verbose headers   'x-served-by': 'cache-hhn1527-HHN',
71 verbose headers   'x-cache': 'HIT',
71 verbose headers   'x-cache-hits': '1',
71 verbose headers   'x-timer': 'S1485173145.480372,VS0,VE1',
71 verbose headers   vary: 'Accept-Encoding' }
72 silly get cb [ 200,
72 silly get   { server: 'nginx/1.10.1',
72 silly get     'content-type': 'application/json',
72 silly get     'last-modified': 'Fri, 28 Aug 2015 17:25:04 GMT',
72 silly get     etag: 'W/"55e09970-a534"',
72 silly get     'content-encoding': 'gzip',
72 silly get     'cache-control': 'max-age=300',
72 silly get     'content-length': '6265',
72 silly get     'accept-ranges': 'bytes',
72 silly get     date: 'Mon, 23 Jan 2017 12:05:45 GMT',
72 silly get     via: '1.1 varnish',
72 silly get     age: '0',
72 silly get     connection: 'keep-alive',
72 silly get     'x-served-by': 'cache-hhn1527-HHN',
72 silly get     'x-cache': 'HIT',
72 silly get     'x-cache-hits': '1',
72 silly get     'x-timer': 'S1485173145.480372,VS0,VE1',
72 silly get     vary: 'Accept-Encoding' } ]
73 verbose get saving time to C:\Users\Amir Hossein\AppData\Roaming\npm-cache\registry.npmjs.org\time\.cache.json
74 verbose correctMkdir C:\Users\Amir Hossein\AppData\Roaming\npm-cache correctMkdir not in flight; initializing
75 silly addNameTag next cb for time with tag latest
76 silly addNamed time@0.11.4
77 verbose addNamed "0.11.4" is a plain semver version for time
78 silly mapToRegistry name time
79 silly mapToRegistry using default registry
80 silly mapToRegistry registry https://registry.npmjs.org/
81 silly mapToRegistry data Result {
81 silly mapToRegistry   raw: 'time',
81 silly mapToRegistry   scope: null,
81 silly mapToRegistry   name: 'time',
81 silly mapToRegistry   rawSpec: '',
81 silly mapToRegistry   spec: 'latest',
81 silly mapToRegistry   type: 'tag' }
82 silly mapToRegistry uri https://registry.npmjs.org/time
83 verbose addRemoteTarball https://registry.npmjs.org/time/-/time-0.11.4.tgz not in flight; adding
84 verbose addRemoteTarball [ 'https://registry.npmjs.org/time/-/time-0.11.4.tgz',
84 verbose addRemoteTarball   'ec3c8947d7fa488f3b1978b8110a68186f5d340f' ]
85 info retry fetch attempt 1 at 3:35:47 PM
86 info attempt registry request try #1 at 3:35:47 PM
87 http fetch GET https://registry.npmjs.org/time/-/time-0.11.4.tgz
88 http fetch 200 https://registry.npmjs.org/time/-/time-0.11.4.tgz
89 silly fetchAndShaCheck shasum ec3c8947d7fa488f3b1978b8110a68186f5d340f
90 verbose addTmpTarball C:\Users\AMIRHO~1\AppData\Local\Temp\npm-12096-c8b97a0f\registry.npmjs.org\time\-\time-0.11.4.tgz not in flight; adding
91 verbose addTmpTarball already have metadata; skipping unpack for time@0.11.4
92 verbose correctMkdir C:\Users\Amir Hossein\AppData\Roaming\npm-cache correctMkdir not in flight; initializing
93 silly cache afterAdd time@0.11.4
94 verbose afterAdd C:\Users\Amir Hossein\AppData\Roaming\npm-cache\time\0.11.4\package\package.json not in flight; writing
95 verbose correctMkdir C:\Users\Amir Hossein\AppData\Roaming\npm-cache correctMkdir not in flight; initializing
96 verbose afterAdd C:\Users\Amir Hossein\AppData\Roaming\npm-cache\time\0.11.4\package\package.json written
97 silly install resolved [ { name: 'time',
97 silly install resolved     description: '"time.h" bindings for Node.js',
97 silly install resolved     keywords:
97 silly install resolved      [ 'date',
97 silly install resolved        'time',
97 silly install resolved        'time.h',
97 silly install resolved        'timezone',
97 silly install resolved        'setTimezone',
97 silly install resolved        'getTimezone' ],
97 silly install resolved     version: '0.11.4',
97 silly install resolved     repository:
97 silly install resolved      { type: 'git',
97 silly install resolved        url: 'git://github.com/TooTallNate/node-time.git' },
97 silly install resolved     author:
97 silly install resolved      { name: 'Nathan Rajlich',
97 silly install resolved        email: 'nathan@tootallnate.net',
97 silly install resolved        url: 'http://tootallnate.net' },
97 silly install resolved     license: 'MIT',
97 silly install resolved     contributors: [ [Object] ],
97 silly install resolved     main: './index.js',
97 silly install resolved     scripts: { test: 'mocha --reporter spec', install: 'node-gyp rebuild' },
97 silly install resolved     dependencies: { bindings: '~1.2.0', debug: '2', nan: '2' },
97 silly install resolved     devDependencies: { mocha: '*' },
97 silly install resolved     gypfile: true,
97 silly install resolved     gitHead: '3faced83e4933ffa45f8aacb19bee74b1811022c',
97 silly install resolved     bugs: { url: 'https://github.com/TooTallNate/node-time/issues' },
97 silly install resolved     homepage: 'https://github.com/TooTallNate/node-time#readme',
97 silly install resolved     _id: 'time@0.11.4',
97 silly install resolved     _shasum: 'ec3c8947d7fa488f3b1978b8110a68186f5d340f',
97 silly install resolved     _from: 'time@latest',
97 silly install resolved     _npmVersion: '2.11.2',
97 silly install resolved     _nodeVersion: '0.12.6',
97 silly install resolved     _npmUser: { name: 'tootallnate', email: 'nathan@tootallnate.net' },
97 silly install resolved     maintainers: [ [Object], [Object] ],
97 silly install resolved     dist:
97 silly install resolved      { shasum: 'ec3c8947d7fa488f3b1978b8110a68186f5d340f',
97 silly install resolved        tarball: 'https://registry.npmjs.org/time/-/time-0.11.4.tgz' },
97 silly install resolved     directories: {},
97 silly install resolved     _resolved: 'https://registry.npmjs.org/time/-/time-0.11.4.tgz' } ]
98 info install time@0.11.4 into C:\wamp64\www\se
99 info installOne time@0.11.4
100 verbose installOne of time to C:\wamp64\www\se not in flight; installing
101 verbose correctMkdir C:\Users\Amir Hossein\AppData\Roaming\npm-cache\_locks correctMkdir not in flight; initializing
102 verbose lock using C:\Users\Amir Hossein\AppData\Roaming\npm-cache\_locks\time-a3656e882c69fbcc.lock for C:\wamp64\www\se\node_modules\time
103 silly install write writing time 0.11.4 to C:\wamp64\www\se\node_modules\time
104 verbose unbuild node_modules\time
105 silly gentlyRm C:\wamp64\www\se\node_modules\time is being purged from base C:\wamp64\www\se
106 verbose gentlyRm don't care about contents; nuking C:\wamp64\www\se\node_modules\time
107 verbose tar unpack C:\Users\Amir Hossein\AppData\Roaming\npm-cache\time\0.11.4\package.tgz
108 verbose tar unpacking to C:\wamp64\www\se\node_modules\time
109 silly gentlyRm C:\wamp64\www\se\node_modules\time is being purged
110 verbose gentlyRm don't care about contents; nuking C:\wamp64\www\se\node_modules\time
111 silly gunzTarPerm modes [ '777', '666' ]
112 silly gunzTarPerm extractEntry package.json
113 silly gunzTarPerm modified mode [ 'package.json', 420, 438 ]
114 silly gunzTarPerm extractEntry .npmignore
115 silly gunzTarPerm modified mode [ '.npmignore', 420, 438 ]
116 silly gunzTarPerm extractEntry README.md
117 silly gunzTarPerm modified mode [ 'README.md', 420, 438 ]
118 silly gunzTarPerm extractEntry LICENSE
119 silly gunzTarPerm modified mode [ 'LICENSE', 420, 438 ]
120 silly gunzTarPerm extractEntry index.js
121 silly gunzTarPerm modified mode [ 'index.js', 420, 438 ]
122 silly gunzTarPerm extractEntry binding.gyp
123 silly gunzTarPerm modified mode [ 'binding.gyp', 420, 438 ]
124 silly gunzTarPerm extractEntry .jshintrc
125 silly gunzTarPerm modified mode [ '.jshintrc', 420, 438 ]
126 silly gunzTarPerm extractEntry .travis.yml
127 silly gunzTarPerm modified mode [ '.travis.yml', 420, 438 ]
128 silly gunzTarPerm extractEntry History.md
129 silly gunzTarPerm modified mode [ 'History.md', 420, 438 ]
130 silly gunzTarPerm extractEntry src/time.cc
131 silly gunzTarPerm modified mode [ 'src/time.cc', 420, 438 ]
132 silly gunzTarPerm extractEntry test/date.js
133 silly gunzTarPerm modified mode [ 'test/date.js', 420, 438 ]
134 silly gunzTarPerm extractEntry test/exports.js
135 silly gunzTarPerm modified mode [ 'test/exports.js', 420, 438 ]
136 silly gunzTarPerm extractEntry test/tzset.js
137 silly gunzTarPerm modified mode [ 'test/tzset.js', 420, 438 ]
138 verbose write writing to C:\wamp64\www\se\node_modules\time\package.json
139 info preinstall time@0.11.4
140 verbose readDependencies loading dependencies from C:\wamp64\www\se\node_modules\time\package.json
141 silly prepareForInstallMany adding bindings@~1.2.0 from time dependencies
142 silly prepareForInstallMany adding debug@2 from time dependencies
143 silly prepareForInstallMany adding nan@2 from time dependencies
144 verbose readDependencies loading dependencies from C:\wamp64\www\se\node_modules\time\package.json
145 silly cache add args [ 'bindings@~1.2.0', null ]
146 verbose cache add spec bindings@~1.2.0
147 silly cache add args [ 'debug@2', null ]
148 verbose cache add spec debug@2
149 silly cache add parsed spec Result {
149 silly cache add   raw: 'bindings@~1.2.0',
149 silly cache add   scope: null,
149 silly cache add   name: 'bindings',
149 silly cache add   rawSpec: '~1.2.0',
149 silly cache add   spec: '>=1.2.0 <1.3.0',
149 silly cache add   type: 'range' }
150 silly addNamed bindings@>=1.2.0 <1.3.0
151 verbose addNamed ">=1.2.0 <1.3.0" is a valid semver range for bindings
152 silly addNameRange { name: 'bindings', range: '>=1.2.0 <1.3.0', hasData: false }
153 silly mapToRegistry name bindings
154 silly mapToRegistry using default registry
155 silly mapToRegistry registry https://registry.npmjs.org/
156 silly mapToRegistry data Result {
156 silly mapToRegistry   raw: 'bindings',
156 silly mapToRegistry   scope: null,
156 silly mapToRegistry   name: 'bindings',
156 silly mapToRegistry   rawSpec: '',
156 silly mapToRegistry   spec: 'latest',
156 silly mapToRegistry   type: 'tag' }
157 silly mapToRegistry uri https://registry.npmjs.org/bindings
158 verbose addNameRange registry:https://registry.npmjs.org/bindings not in flight; fetching
159 silly cache add parsed spec Result {
159 silly cache add   raw: 'debug@2',
159 silly cache add   scope: null,
159 silly cache add   name: 'debug',
159 silly cache add   rawSpec: '2',
159 silly cache add   spec: '>=2.0.0 <3.0.0',
159 silly cache add   type: 'range' }
160 silly addNamed debug@>=2.0.0 <3.0.0
161 verbose addNamed ">=2.0.0 <3.0.0" is a valid semver range for debug
162 silly addNameRange { name: 'debug', range: '>=2.0.0 <3.0.0', hasData: false }
163 silly mapToRegistry name debug
164 silly mapToRegistry using default registry
165 silly mapToRegistry registry https://registry.npmjs.org/
166 silly mapToRegistry data Result {
166 silly mapToRegistry   raw: 'debug',
166 silly mapToRegistry   scope: null,
166 silly mapToRegistry   name: 'debug',
166 silly mapToRegistry   rawSpec: '',
166 silly mapToRegistry   spec: 'latest',
166 silly mapToRegistry   type: 'tag' }
167 silly mapToRegistry uri https://registry.npmjs.org/debug
168 verbose addNameRange registry:https://registry.npmjs.org/debug not in flight; fetching
169 silly cache add args [ 'nan@2', null ]
170 verbose cache add spec nan@2
171 silly cache add parsed spec Result {
171 silly cache add   raw: 'nan@2',
171 silly cache add   scope: null,
171 silly cache add   name: 'nan',
171 silly cache add   rawSpec: '2',
171 silly cache add   spec: '>=2.0.0 <3.0.0',
171 silly cache add   type: 'range' }
172 silly addNamed nan@>=2.0.0 <3.0.0
173 verbose addNamed ">=2.0.0 <3.0.0" is a valid semver range for nan
174 silly addNameRange { name: 'nan', range: '>=2.0.0 <3.0.0', hasData: false }
175 silly mapToRegistry name nan
176 silly mapToRegistry using default registry
177 silly mapToRegistry registry https://registry.npmjs.org/
178 silly mapToRegistry data Result {
178 silly mapToRegistry   raw: 'nan',
178 silly mapToRegistry   scope: null,
178 silly mapToRegistry   name: 'nan',
178 silly mapToRegistry   rawSpec: '',
178 silly mapToRegistry   spec: 'latest',
178 silly mapToRegistry   type: 'tag' }
179 silly mapToRegistry uri https://registry.npmjs.org/nan
180 verbose addNameRange registry:https://registry.npmjs.org/nan not in flight; fetching
181 verbose request uri https://registry.npmjs.org/bindings
182 verbose request no auth needed
183 info attempt registry request try #1 at 3:35:47 PM
184 http request GET https://registry.npmjs.org/bindings
185 verbose request uri https://registry.npmjs.org/nan
186 verbose request no auth needed
187 info attempt registry request try #1 at 3:35:47 PM
188 verbose etag W/"588531dd-1df56"
189 verbose lastModified Sun, 22 Jan 2017 22:27:41 GMT
190 http request GET https://registry.npmjs.org/nan
191 verbose request uri https://registry.npmjs.org/debug
192 verbose request no auth needed
193 info attempt registry request try #1 at 3:35:47 PM
194 verbose etag W/"5881a6c2-fd0a"
195 verbose lastModified Fri, 20 Jan 2017 05:57:22 GMT
196 http request GET https://registry.npmjs.org/debug
197 http 200 https://registry.npmjs.org/bindings
198 verbose headers { server: 'nginx/1.10.1',
198 verbose headers   'content-type': 'application/json',
198 verbose headers   'last-modified': 'Tue, 18 Oct 2016 15:54:59 GMT',
198 verbose headers   etag: 'W/"580645d3-46f7"',
198 verbose headers   'content-encoding': 'gzip',
198 verbose headers   'cache-control': 'max-age=300',
198 verbose headers   'content-length': '3493',
198 verbose headers   'accept-ranges': 'bytes',
198 verbose headers   date: 'Mon, 23 Jan 2017 12:05:46 GMT',
198 verbose headers   via: '1.1 varnish',
198 verbose headers   age: '142',
198 verbose headers   connection: 'keep-alive',
198 verbose headers   'x-served-by': 'cache-hhn1527-HHN',
198 verbose headers   'x-cache': 'HIT',
198 verbose headers   'x-cache-hits': '1',
198 verbose headers   'x-timer': 'S1485173146.157148,VS0,VE0',
198 verbose headers   vary: 'Accept-Encoding' }
199 silly get cb [ 200,
199 silly get   { server: 'nginx/1.10.1',
199 silly get     'content-type': 'application/json',
199 silly get     'last-modified': 'Tue, 18 Oct 2016 15:54:59 GMT',
199 silly get     etag: 'W/"580645d3-46f7"',
199 silly get     'content-encoding': 'gzip',
199 silly get     'cache-control': 'max-age=300',
199 silly get     'content-length': '3493',
199 silly get     'accept-ranges': 'bytes',
199 silly get     date: 'Mon, 23 Jan 2017 12:05:46 GMT',
199 silly get     via: '1.1 varnish',
199 silly get     age: '142',
199 silly get     connection: 'keep-alive',
199 silly get     'x-served-by': 'cache-hhn1527-HHN',
199 silly get     'x-cache': 'HIT',
199 silly get     'x-cache-hits': '1',
199 silly get     'x-timer': 'S1485173146.157148,VS0,VE0',
199 silly get     vary: 'Accept-Encoding' } ]
200 verbose get saving bindings to C:\Users\Amir Hossein\AppData\Roaming\npm-cache\registry.npmjs.org\bindings\.cache.json
201 verbose correctMkdir C:\Users\Amir Hossein\AppData\Roaming\npm-cache correctMkdir not in flight; initializing
202 silly addNameRange number 2 { name: 'bindings', range: '>=1.2.0 <1.3.0', hasData: true }
203 silly addNameRange versions [ 'bindings',
203 silly addNameRange   [ '0.0.1',
203 silly addNameRange     '0.1.0',
203 silly addNameRange     '0.1.1',
203 silly addNameRange     '0.2.0',
203 silly addNameRange     '0.2.1',
203 silly addNameRange     '0.2.2',
203 silly addNameRange     '0.2.3',
203 silly addNameRange     '0.2.4',
203 silly addNameRange     '0.3.0',
203 silly addNameRange     '0.4.0',
203 silly addNameRange     '1.0.0',
203 silly addNameRange     '1.1.0',
203 silly addNameRange     '1.1.1',
203 silly addNameRange     '1.2.0',
203 silly addNameRange     '1.2.1' ] ]
204 silly addNamed bindings@1.2.1
205 verbose addNamed "1.2.1" is a plain semver version for bindings
206 silly mapToRegistry name bindings
207 silly mapToRegistry using default registry
208 silly mapToRegistry registry https://registry.npmjs.org/
209 silly mapToRegistry data Result {
209 silly mapToRegistry   raw: 'bindings',
209 silly mapToRegistry   scope: null,
209 silly mapToRegistry   name: 'bindings',
209 silly mapToRegistry   rawSpec: '',
209 silly mapToRegistry   spec: 'latest',
209 silly mapToRegistry   type: 'tag' }
210 silly mapToRegistry uri https://registry.npmjs.org/bindings
211 verbose addRemoteTarball https://registry.npmjs.org/bindings/-/bindings-1.2.1.tgz not in flight; adding
212 verbose addRemoteTarball [ 'https://registry.npmjs.org/bindings/-/bindings-1.2.1.tgz',
212 verbose addRemoteTarball   '14ad6113812d2d37d72e67b4cacb4bb726505f11' ]
213 info retry fetch attempt 1 at 3:35:47 PM
214 info attempt registry request try #1 at 3:35:47 PM
215 http fetch GET https://registry.npmjs.org/bindings/-/bindings-1.2.1.tgz
216 http fetch 200 https://registry.npmjs.org/bindings/-/bindings-1.2.1.tgz
217 silly fetchAndShaCheck shasum 14ad6113812d2d37d72e67b4cacb4bb726505f11
218 verbose addTmpTarball C:\Users\AMIRHO~1\AppData\Local\Temp\npm-12096-c8b97a0f\registry.npmjs.org\bindings\-\bindings-1.2.1.tgz not in flight; adding
219 verbose addTmpTarball already have metadata; skipping unpack for bindings@1.2.1
220 verbose correctMkdir C:\Users\Amir Hossein\AppData\Roaming\npm-cache correctMkdir not in flight; initializing
221 silly cache afterAdd bindings@1.2.1
222 verbose afterAdd C:\Users\Amir Hossein\AppData\Roaming\npm-cache\bindings\1.2.1\package\package.json not in flight; writing
223 verbose correctMkdir C:\Users\Amir Hossein\AppData\Roaming\npm-cache correctMkdir not in flight; initializing
224 verbose afterAdd C:\Users\Amir Hossein\AppData\Roaming\npm-cache\bindings\1.2.1\package\package.json written
225 http 304 https://registry.npmjs.org/debug
226 verbose headers { date: 'Mon, 23 Jan 2017 12:05:46 GMT',
226 verbose headers   via: '1.1 varnish',
226 verbose headers   'cache-control': 'max-age=300',
226 verbose headers   etag: 'W/"5881a6c2-fd0a"',
226 verbose headers   age: '220',
226 verbose headers   connection: 'keep-alive',
226 verbose headers   'x-served-by': 'cache-hhn1541-HHN',
226 verbose headers   'x-cache': 'HIT',
226 verbose headers   'x-cache-hits': '25',
226 verbose headers   'x-timer': 'S1485173146.393573,VS0,VE0',
226 verbose headers   vary: 'Accept-Encoding' }
227 silly get cb [ 304,
227 silly get   { date: 'Mon, 23 Jan 2017 12:05:46 GMT',
227 silly get     via: '1.1 varnish',
227 silly get     'cache-control': 'max-age=300',
227 silly get     etag: 'W/"5881a6c2-fd0a"',
227 silly get     age: '220',
227 silly get     connection: 'keep-alive',
227 silly get     'x-served-by': 'cache-hhn1541-HHN',
227 silly get     'x-cache': 'HIT',
227 silly get     'x-cache-hits': '25',
227 silly get     'x-timer': 'S1485173146.393573,VS0,VE0',
227 silly get     vary: 'Accept-Encoding' } ]
228 verbose etag https://registry.npmjs.org/debug from cache
229 verbose get saving debug to C:\Users\Amir Hossein\AppData\Roaming\npm-cache\registry.npmjs.org\debug\.cache.json
230 verbose correctMkdir C:\Users\Amir Hossein\AppData\Roaming\npm-cache correctMkdir not in flight; initializing
231 http 304 https://registry.npmjs.org/nan
232 verbose headers { date: 'Mon, 23 Jan 2017 12:05:46 GMT',
232 verbose headers   via: '1.1 varnish',
232 verbose headers   'cache-control': 'max-age=300',
232 verbose headers   etag: 'W/"588531dd-1df56"',
232 verbose headers   age: '208',
232 verbose headers   connection: 'keep-alive',
232 verbose headers   'x-served-by': 'cache-hhn1524-HHN',
232 verbose headers   'x-cache': 'HIT',
232 verbose headers   'x-cache-hits': '9',
232 verbose headers   'x-timer': 'S1485173146.395902,VS0,VE0',
232 verbose headers   vary: 'Accept-Encoding' }
233 silly get cb [ 304,
233 silly get   { date: 'Mon, 23 Jan 2017 12:05:46 GMT',
233 silly get     via: '1.1 varnish',
233 silly get     'cache-control': 'max-age=300',
233 silly get     etag: 'W/"588531dd-1df56"',
233 silly get     age: '208',
233 silly get     connection: 'keep-alive',
233 silly get     'x-served-by': 'cache-hhn1524-HHN',
233 silly get     'x-cache': 'HIT',
233 silly get     'x-cache-hits': '9',
233 silly get     'x-timer': 'S1485173146.395902,VS0,VE0',
233 silly get     vary: 'Accept-Encoding' } ]
234 verbose etag https://registry.npmjs.org/nan from cache
235 verbose get saving nan to C:\Users\Amir Hossein\AppData\Roaming\npm-cache\registry.npmjs.org\nan\.cache.json
236 verbose correctMkdir C:\Users\Amir Hossein\AppData\Roaming\npm-cache correctMkdir not in flight; initializing
237 silly addNameRange number 2 { name: 'debug', range: '>=2.0.0 <3.0.0', hasData: true }
238 silly addNameRange versions [ 'debug',
238 silly addNameRange   [ '0.0.1',
238 silly addNameRange     '0.1.0',
238 silly addNameRange     '0.2.0',
238 silly addNameRange     '0.3.0',
238 silly addNameRange     '0.4.0',
238 silly addNameRange     '0.4.1',
238 silly addNameRange     '0.5.0',
238 silly addNameRange     '0.6.0',
238 silly addNameRange     '0.7.0',
238 silly addNameRange     '0.7.1',
238 silly addNameRange     '0.7.2',
238 silly addNameRange     '0.7.3',
238 silly addNameRange     '0.7.4',
238 silly addNameRange     '0.8.0',
238 silly addNameRange     '0.8.1',
238 silly addNameRange     '1.0.0',
238 silly addNameRange     '1.0.1',
238 silly addNameRange     '1.0.2',
238 silly addNameRange     '1.0.3',
238 silly addNameRange     '1.0.4',
238 silly addNameRange     '2.0.0',
238 silly addNameRange     '2.1.0',
238 silly addNameRange     '2.1.1',
238 silly addNameRange     '2.1.2',
238 silly addNameRange     '2.1.3',
238 silly addNameRange     '2.2.0',
238 silly addNameRange     '2.3.0',
238 silly addNameRange     '2.3.1',
238 silly addNameRange     '2.3.2',
238 silly addNameRange     '2.3.3',
238 silly addNameRange     '2.4.0',
238 silly addNameRange     '2.4.1',
238 silly addNameRange     '2.4.2',
238 silly addNameRange     '2.4.3',
238 silly addNameRange     '2.4.4',
238 silly addNameRange     '2.4.5',
238 silly addNameRange     '2.5.0',
238 silly addNameRange     '2.5.1',
238 silly addNameRange     '2.5.2',
238 silly addNameRange     '2.6.0' ] ]
239 silly addNamed debug@2.6.0
240 verbose addNamed "2.6.0" is a plain semver version for debug
241 silly addNameRange number 2 { name: 'nan', range: '>=2.0.0 <3.0.0', hasData: true }
242 silly addNameRange versions [ 'nan',
242 silly addNameRange   [ '0.3.0-wip',
242 silly addNameRange     '0.3.0-wip2',
242 silly addNameRange     '0.3.0',
242 silly addNameRange     '0.3.1',
242 silly addNameRange     '0.3.2',
242 silly addNameRange     '0.4.0',
242 silly addNameRange     '0.4.1',
242 silly addNameRange     '0.4.2',
242 silly addNameRange     '0.4.3',
242 silly addNameRange     '0.4.4',
242 silly addNameRange     '0.5.0',
242 silly addNameRange     '0.5.1',
242 silly addNameRange     '0.5.2',
242 silly addNameRange     '0.6.0',
242 silly addNameRange     '0.7.0',
242 silly addNameRange     '0.7.1',
242 silly addNameRange     '0.8.0',
242 silly addNameRange     '1.0.0',
242 silly addNameRange     '1.1.0',
242 silly addNameRange     '1.1.1',
242 silly addNameRange     '1.1.2',
242 silly addNameRange     '1.2.0',
242 silly addNameRange     '1.3.0',
242 silly addNameRange     '1.4.0',
242 silly addNameRange     '1.4.1',
242 silly addNameRange     '1.5.0',
242 silly addNameRange     '1.4.2',
242 silly addNameRange     '1.4.3',
242 silly addNameRange     '1.5.1',
242 silly addNameRange     '1.5.2',
242 silly addNameRange     '1.6.0',
242 silly addNameRange     '1.5.3',
242 silly addNameRange     '1.6.1',
242 silly addNameRange     '1.6.2',
242 silly addNameRange     '1.7.0',
242 silly addNameRange     '1.8.0',
242 silly addNameRange     '1.8.1',
242 silly addNameRange     '1.8.2',
242 silly addNameRange     '1.8.3',
242 silly addNameRange     '1.8.4',
242 silly addNameRange     '1.9.0',
242 silly addNameRange     '2.0.0',
242 silly addNameRange     '2.0.1',
242 silly addNameRange     '2.0.2',
242 silly addNameRange     '2.0.3',
242 silly addNameRange     '2.0.4',
242 silly addNameRange     '2.0.5',
242 silly addNameRange     '2.0.6',
242 silly addNameRange     '2.0.7',
242 silly addNameRange     '2.0.8',
242 silly addNameRange     '2.0.9',
242 silly addNameRange     '2.1.0',
242 silly addNameRange     '2.2.0',
242 silly addNameRange     '2.2.1',
242 silly addNameRange     '2.3.0',
242 silly addNameRange     '2.3.1',
242 silly addNameRange     '2.3.2',
242 silly addNameRange     '2.3.3',
242 silly addNameRange     '2.3.4',
242 silly addNameRange     '2.3.5',
242 silly addNameRange     '2.4.0',
242 silly addNameRange     '2.5.0',
242 silly addNameRange     '2.5.1' ] ]
243 silly addNamed nan@2.5.1
244 verbose addNamed "2.5.1" is a plain semver version for nan
245 silly cache afterAdd nan@2.5.1
246 verbose afterAdd C:\Users\Amir Hossein\AppData\Roaming\npm-cache\nan\2.5.1\package\package.json not in flight; writing
247 verbose correctMkdir C:\Users\Amir Hossein\AppData\Roaming\npm-cache correctMkdir not in flight; initializing
248 verbose afterAdd C:\Users\Amir Hossein\AppData\Roaming\npm-cache\nan\2.5.1\package\package.json written
249 silly cache afterAdd debug@2.6.0
250 verbose afterAdd C:\Users\Amir Hossein\AppData\Roaming\npm-cache\debug\2.6.0\package\package.json not in flight; writing
251 verbose correctMkdir C:\Users\Amir Hossein\AppData\Roaming\npm-cache correctMkdir not in flight; initializing
252 verbose afterAdd C:\Users\Amir Hossein\AppData\Roaming\npm-cache\debug\2.6.0\package\package.json written
253 silly install resolved [ { name: 'bindings',
253 silly install resolved     description: 'Helper module for loading your native module\'s .node file',
253 silly install resolved     keywords: [ 'native', 'addon', 'bindings', 'gyp', 'waf', 'c', 'c++' ],
253 silly install resolved     version: '1.2.1',
253 silly install resolved     author:
253 silly install resolved      { name: 'Nathan Rajlich',
253 silly install resolved        email: 'nathan@tootallnate.net',
253 silly install resolved        url: 'http://tootallnate.net' },
253 silly install resolved     repository:
253 silly install resolved      { type: 'git',
253 silly install resolved        url: 'git://github.com/TooTallNate/node-bindings.git' },
253 silly install resolved     main: './bindings.js',
253 silly install resolved     bugs: { url: 'https://github.com/TooTallNate/node-bindings/issues' },
253 silly install resolved     homepage: 'https://github.com/TooTallNate/node-bindings',
253 silly install resolved     license: 'MIT',
253 silly install resolved     gitHead: 'e404152ee27f8478ccbc7122ee051246e8e5ec02',
253 silly install resolved     _id: 'bindings@1.2.1',
253 silly install resolved     scripts: {},
253 silly install resolved     _shasum: '14ad6113812d2d37d72e67b4cacb4bb726505f11',
253 silly install resolved     _from: 'bindings@>=1.2.0 <1.3.0',
253 silly install resolved     _npmVersion: '1.4.14',
253 silly install resolved     _npmUser: { name: 'tootallnate', email: 'nathan@tootallnate.net' },
253 silly install resolved     maintainers: [ [Object], [Object] ],
253 silly install resolved     dist:
253 silly install resolved      { shasum: '14ad6113812d2d37d72e67b4cacb4bb726505f11',
253 silly install resolved        tarball: 'https://registry.npmjs.org/bindings/-/bindings-1.2.1.tgz' },
253 silly install resolved     directories: {},
253 silly install resolved     _resolved: 'https://registry.npmjs.org/bindings/-/bindings-1.2.1.tgz' },
253 silly install resolved   { name: 'nan',
253 silly install resolved     version: '2.5.1',
253 silly install resolved     description: 'Native Abstractions for Node.js: C++ header for Node 0.8 -> 7 compatibility',
253 silly install resolved     main: 'include_dirs.js',
253 silly install resolved     repository: { type: 'git', url: 'git://github.com/nodejs/nan.git' },
253 silly install resolved     scripts:
253 silly install resolved      { test: 'tap --gc --stderr test/js/*-test.js',
253 silly install resolved        'rebuild-tests': 'node-gyp rebuild --msvs_version=2013 --directory test',
253 silly install resolved        docs: 'doc/.build.sh' },
253 silly install resolved     contributors:
253 silly install resolved      [ [Object],
253 silly install resolved        [Object],
253 silly install resolved        [Object],
253 silly install resolved        [Object],
253 silly install resolved        [Object],
253 silly install resolved        [Object],
253 silly install resolved        [Object] ],
253 silly install resolved     devDependencies:
253 silly install resolved      { bindings: '~1.2.1',
253 silly install resolved        commander: '^2.8.1',
253 silly install resolved        glob: '^5.0.14',
253 silly install resolved        'node-gyp': '~3.0.1',
253 silly install resolved        'readable-stream': '^2.1.4',
253 silly install resolved        tap: '~0.7.1',
253 silly install resolved        xtend: '~4.0.0' },
253 silly install resolved     license: 'MIT',
253 silly install resolved     bugs: { url: 'https://github.com/nodejs/nan/issues' },
253 silly install resolved     homepage: 'https://github.com/nodejs/nan#readme',
253 silly install resolved     _id: 'nan@2.5.1',
253 silly install resolved     _shasum: 'd5b01691253326a97a2bbee9e61c55d8d60351e2',
253 silly install resolved     _resolved: 'https://registry.npmjs.org/nan/-/nan-2.5.1.tgz',
253 silly install resolved     _from: 'nan@>=2.0.0 <3.0.0',
253 silly install resolved     _npmVersion: '4.0.5',
253 silly install resolved     _nodeVersion: '7.4.0',
253 silly install resolved     _npmUser: { name: 'kkoopa', email: 'bbyholm@abo.fi' },
253 silly install resolved     dist:
253 silly install resolved      { shasum: 'd5b01691253326a97a2bbee9e61c55d8d60351e2',
253 silly install resolved        tarball: 'https://registry.npmjs.org/nan/-/nan-2.5.1.tgz' },
253 silly install resolved     maintainers: [ [Object], [Object] ],
253 silly install resolved     _npmOperationalInternal:
253 silly install resolved      { host: 'packages-18-east.internal.npmjs.com',
253 silly install resolved        tmp: 'tmp/nan-2.5.1.tgz_1485124061146_0.7941144248470664' },
253 silly install resolved     directories: {},
253 silly install resolved     readme: 'ERROR: No README data found!' },
253 silly install resolved   { name: 'debug',
253 silly install resolved     version: '2.6.0',
253 silly install resolved     repository: { type: 'git', url: 'git://github.com/visionmedia/debug.git' },
253 silly install resolved     description: 'small debugging utility',
253 silly install resolved     keywords: [ 'debug', 'log', 'debugger' ],
253 silly install resolved     author: { name: 'TJ Holowaychuk', email: 'tj@vision-media.ca' },
253 silly install resolved     contributors: [ [Object], [Object] ],
253 silly install resolved     license: 'MIT',
253 silly install resolved     dependencies: { ms: '0.7.2' },
253 silly install resolved     devDependencies:
253 silly install resolved      { browserify: '9.0.3',
253 silly install resolved        chai: '^3.5.0',
253 silly install resolved        concurrently: '^3.1.0',
253 silly install resolved        coveralls: '^2.11.15',
253 silly install resolved        eslint: '^3.12.1',
253 silly install resolved        istanbul: '^0.4.5',
253 silly install resolved        karma: '^1.3.0',
253 silly install resolved        'karma-chai': '^0.1.0',
253 silly install resolved        'karma-mocha': '^1.3.0',
253 silly install resolved        'karma-phantomjs-launcher': '^1.0.2',
253 silly install resolved        'karma-sinon': '^1.0.5',
253 silly install resolved        mocha: '^3.2.0',
253 silly install resolved        'mocha-lcov-reporter': '^1.2.0',
253 silly install resolved        rimraf: '^2.5.4',
253 silly install resolved        sinon: '^1.17.6',
253 silly install resolved        'sinon-chai': '^2.8.0' },
253 silly install resolved     main: './src/index.js',
253 silly install resolved     browser: './src/browser.js',
253 silly install resolved     component: { scripts: [Object] },
253 silly install resolved     gitHead: 'ac5ccae70358a2bccc71d288e5f9c656a7678748',
253 silly install resolved     bugs: { url: 'https://github.com/visionmedia/debug/issues' },
253 silly install resolved     homepage: 'https://github.com/visionmedia/debug#readme',
253 silly install resolved     _id: 'debug@2.6.0',
253 silly install resolved     scripts: {},
253 silly install resolved     _shasum: 'bc596bcabe7617f11d9fa15361eded5608b8499b',
253 silly install resolved     _from: 'debug@>=2.0.0 <3.0.0',
253 silly install resolved     _npmVersion: '3.10.9',
253 silly install resolved     _nodeVersion: '6.9.2',
253 silly install resolved     _npmUser: { name: 'thebigredgeek', email: 'rhyneandrew@gmail.com' },
253 silly install resolved     dist:
253 silly install resolved      { shasum: 'bc596bcabe7617f11d9fa15361eded5608b8499b',
253 silly install resolved        tarball: 'https://registry.npmjs.org/debug/-/debug-2.6.0.tgz' },
253 silly install resolved     maintainers: [ [Object] ],
253 silly install resolved     _npmOperationalInternal:
253 silly install resolved      { host: 'packages-12-west.internal.npmjs.com',
253 silly install resolved        tmp: 'tmp/debug-2.6.0.tgz_1482990633625_0.042889281176030636' },
253 silly install resolved     directories: {},
253 silly install resolved     _resolved: 'https://registry.npmjs.org/debug/-/debug-2.6.0.tgz',
253 silly install resolved     readme: 'ERROR: No README data found!' } ]
254 info install bindings@1.2.1 into C:\wamp64\www\se\node_modules\time
255 info install nan@2.5.1 into C:\wamp64\www\se\node_modules\time
256 info install debug@2.6.0 into C:\wamp64\www\se\node_modules\time
257 info installOne bindings@1.2.1
258 verbose installOne of bindings to C:\wamp64\www\se\node_modules\time not in flight; installing
259 verbose correctMkdir C:\Users\Amir Hossein\AppData\Roaming\npm-cache\_locks correctMkdir not in flight; initializing
260 info installOne nan@2.5.1
261 verbose installOne of nan to C:\wamp64\www\se\node_modules\time not in flight; installing
262 verbose correctMkdir C:\Users\Amir Hossein\AppData\Roaming\npm-cache\_locks correctMkdir not in flight; initializing
263 info installOne debug@2.6.0
264 verbose installOne of debug to C:\wamp64\www\se\node_modules\time not in flight; installing
265 verbose correctMkdir C:\Users\Amir Hossein\AppData\Roaming\npm-cache\_locks correctMkdir not in flight; initializing
266 verbose lock using C:\Users\Amir Hossein\AppData\Roaming\npm-cache\_locks\bindings-834208271ca12705.lock for C:\wamp64\www\se\node_modules\time\node_modules\bindings
267 verbose lock using C:\Users\Amir Hossein\AppData\Roaming\npm-cache\_locks\nan-e7fee2bd087b5ea2.lock for C:\wamp64\www\se\node_modules\time\node_modules\nan
268 verbose lock using C:\Users\Amir Hossein\AppData\Roaming\npm-cache\_locks\debug-3695451c514ce2ee.lock for C:\wamp64\www\se\node_modules\time\node_modules\debug
269 silly install write writing bindings 1.2.1 to C:\wamp64\www\se\node_modules\time\node_modules\bindings
270 silly install write writing nan 2.5.1 to C:\wamp64\www\se\node_modules\time\node_modules\nan
271 silly install write writing debug 2.6.0 to C:\wamp64\www\se\node_modules\time\node_modules\debug
272 verbose unbuild node_modules\time\node_modules\bindings
273 verbose unbuild node_modules\time\node_modules\nan
274 verbose unbuild node_modules\time\node_modules\debug
275 silly gentlyRm C:\wamp64\www\se\node_modules\time\node_modules\bindings is being purged from base C:\wamp64\www\se
276 verbose gentlyRm don't care about contents; nuking C:\wamp64\www\se\node_modules\time\node_modules\bindings
277 silly gentlyRm C:\wamp64\www\se\node_modules\time\node_modules\nan is being purged from base C:\wamp64\www\se
278 verbose gentlyRm don't care about contents; nuking C:\wamp64\www\se\node_modules\time\node_modules\nan
279 verbose tar unpack C:\Users\Amir Hossein\AppData\Roaming\npm-cache\bindings\1.2.1\package.tgz
280 verbose tar unpacking to C:\wamp64\www\se\node_modules\time\node_modules\bindings
281 silly gentlyRm C:\wamp64\www\se\node_modules\time\node_modules\bindings is being purged
282 verbose gentlyRm don't care about contents; nuking C:\wamp64\www\se\node_modules\time\node_modules\bindings
283 silly gentlyRm C:\wamp64\www\se\node_modules\time\node_modules\debug is being purged from base C:\wamp64\www\se
284 verbose gentlyRm don't care about contents; nuking C:\wamp64\www\se\node_modules\time\node_modules\debug
285 verbose tar unpack C:\Users\Amir Hossein\AppData\Roaming\npm-cache\nan\2.5.1\package.tgz
286 verbose tar unpacking to C:\wamp64\www\se\node_modules\time\node_modules\nan
287 silly gentlyRm C:\wamp64\www\se\node_modules\time\node_modules\nan is being purged
288 verbose gentlyRm don't care about contents; nuking C:\wamp64\www\se\node_modules\time\node_modules\nan
289 silly gunzTarPerm modes [ '777', '666' ]
290 verbose tar unpack C:\Users\Amir Hossein\AppData\Roaming\npm-cache\debug\2.6.0\package.tgz
291 verbose tar unpacking to C:\wamp64\www\se\node_modules\time\node_modules\debug
292 silly gentlyRm C:\wamp64\www\se\node_modules\time\node_modules\debug is being purged
293 verbose gentlyRm don't care about contents; nuking C:\wamp64\www\se\node_modules\time\node_modules\debug
294 silly gunzTarPerm modes [ '777', '666' ]
295 silly gunzTarPerm modes [ '777', '666' ]
296 silly gunzTarPerm extractEntry package.json
297 silly gunzTarPerm modified mode [ 'package.json', 420, 438 ]
298 silly gunzTarPerm extractEntry README.md
299 silly gunzTarPerm modified mode [ 'README.md', 420, 438 ]
300 silly gunzTarPerm extractEntry bindings.js
301 silly gunzTarPerm modified mode [ 'bindings.js', 420, 438 ]
302 verbose write writing to C:\wamp64\www\se\node_modules\time\node_modules\bindings\package.json
303 info preinstall bindings@1.2.1
304 verbose readDependencies loading dependencies from C:\wamp64\www\se\node_modules\time\node_modules\bindings\package.json
305 verbose readDependencies loading dependencies from C:\wamp64\www\se\node_modules\time\node_modules\bindings\package.json
306 silly install resolved []
307 verbose about to build C:\wamp64\www\se\node_modules\time\node_modules\bindings
308 info build C:\wamp64\www\se\node_modules\time\node_modules\bindings
309 info linkStuff bindings@1.2.1
310 silly linkStuff bindings@1.2.1 has C:\wamp64\www\se\node_modules\time\node_modules as its parent node_modules
311 verbose linkBins bindings@1.2.1
312 verbose linkMans bindings@1.2.1
313 verbose rebuildBundles bindings@1.2.1
314 info install bindings@1.2.1
315 info postinstall bindings@1.2.1
316 silly gunzTarPerm extractEntry package.json
317 silly gunzTarPerm modified mode [ 'package.json', 420, 438 ]
318 verbose unlock done using C:\Users\Amir Hossein\AppData\Roaming\npm-cache\_locks\bindings-834208271ca12705.lock for C:\wamp64\www\se\node_modules\time\node_modules\bindings
319 silly gunzTarPerm extractEntry .npmignore
320 silly gunzTarPerm modified mode [ '.npmignore', 420, 438 ]
321 silly gunzTarPerm extractEntry README.md
322 silly gunzTarPerm modified mode [ 'README.md', 420, 438 ]
323 silly gunzTarPerm extractEntry LICENSE
324 silly gunzTarPerm modified mode [ 'LICENSE', 420, 438 ]
325 silly gunzTarPerm extractEntry karma.conf.js
326 silly gunzTarPerm modified mode [ 'karma.conf.js', 420, 438 ]
327 silly gunzTarPerm extractEntry node.js
328 silly gunzTarPerm modified mode [ 'node.js', 420, 438 ]
329 silly gunzTarPerm extractEntry component.json
330 silly gunzTarPerm modified mode [ 'component.json', 420, 438 ]
331 silly gunzTarPerm extractEntry Makefile
332 silly gunzTarPerm modified mode [ 'Makefile', 420, 438 ]
333 silly gunzTarPerm extractEntry package.json
334 silly gunzTarPerm modified mode [ 'package.json', 436, 438 ]
335 silly gunzTarPerm extractEntry README.md
336 silly gunzTarPerm modified mode [ 'README.md', 436, 438 ]
337 silly gunzTarPerm extractEntry include_dirs.js
338 silly gunzTarPerm modified mode [ 'include_dirs.js', 436, 438 ]
339 silly gunzTarPerm extractEntry .coveralls.yml
340 silly gunzTarPerm modified mode [ '.coveralls.yml', 420, 438 ]
341 silly gunzTarPerm extractEntry bower.json
342 silly gunzTarPerm modified mode [ 'bower.json', 420, 438 ]
343 silly gunzTarPerm extractEntry .eslintrc
344 silly gunzTarPerm modified mode [ '.eslintrc', 420, 438 ]
345 silly gunzTarPerm extractEntry .travis.yml
346 silly gunzTarPerm modified mode [ '.travis.yml', 420, 438 ]
347 silly gunzTarPerm extractEntry nan_converters.h
348 silly gunzTarPerm modified mode [ 'nan_converters.h', 436, 438 ]
349 silly gunzTarPerm extractEntry CHANGELOG.md
350 silly gunzTarPerm modified mode [ 'CHANGELOG.md', 436, 438 ]
351 silly gunzTarPerm extractEntry LICENSE.md
352 silly gunzTarPerm modified mode [ 'LICENSE.md', 436, 438 ]
353 silly gunzTarPerm extractEntry doc/node_misc.md
354 silly gunzTarPerm modified mode [ 'doc/node_misc.md', 436, 438 ]
355 silly gunzTarPerm extractEntry CHANGELOG.md
356 silly gunzTarPerm modified mode [ 'CHANGELOG.md', 420, 438 ]
357 silly gunzTarPerm extractEntry src/browser.js
358 silly gunzTarPerm modified mode [ 'src/browser.js', 420, 438 ]
359 silly gunzTarPerm extractEntry doc/asyncworker.md
360 silly gunzTarPerm modified mode [ 'doc/asyncworker.md', 436, 438 ]
361 silly gunzTarPerm extractEntry doc/callback.md
362 silly gunzTarPerm modified mode [ 'doc/callback.md', 436, 438 ]
363 silly gunzTarPerm extractEntry src/debug.js
364 silly gunzTarPerm modified mode [ 'src/debug.js', 420, 438 ]
365 silly gunzTarPerm extractEntry src/index.js
366 silly gunzTarPerm modified mode [ 'src/index.js', 420, 438 ]
367 silly gunzTarPerm extractEntry src/node.js
368 silly gunzTarPerm modified mode [ 'src/node.js', 420, 438 ]
369 silly gunzTarPerm extractEntry doc/converters.md
370 silly gunzTarPerm modified mode [ 'doc/converters.md', 436, 438 ]
371 silly gunzTarPerm extractEntry doc/errors.md
372 silly gunzTarPerm modified mode [ 'doc/errors.md', 436, 438 ]
373 silly gunzTarPerm extractEntry doc/maybe_types.md
374 silly gunzTarPerm modified mode [ 'doc/maybe_types.md', 436, 438 ]
375 silly gunzTarPerm extractEntry doc/methods.md
376 silly gunzTarPerm modified mode [ 'doc/methods.md', 436, 438 ]
377 silly gunzTarPerm extractEntry doc/new.md
378 silly gunzTarPerm modified mode [ 'doc/new.md', 436, 438 ]
379 silly gunzTarPerm extractEntry doc/buffers.md
380 silly gunzTarPerm modified mode [ 'doc/buffers.md', 436, 438 ]
381 silly gunzTarPerm extractEntry doc/object_wrappers.md
382 silly gunzTarPerm modified mode [ 'doc/object_wrappers.md', 436, 438 ]
383 silly gunzTarPerm extractEntry doc/persistent.md
384 silly gunzTarPerm modified mode [ 'doc/persistent.md', 436, 438 ]
385 silly gunzTarPerm extractEntry doc/scopes.md
386 silly gunzTarPerm modified mode [ 'doc/scopes.md', 436, 438 ]
387 verbose write writing to C:\wamp64\www\se\node_modules\time\node_modules\debug\package.json
388 silly gunzTarPerm extractEntry doc/script.md
389 silly gunzTarPerm modified mode [ 'doc/script.md', 436, 438 ]
390 silly gunzTarPerm extractEntry doc/string_bytes.md
391 silly gunzTarPerm modified mode [ 'doc/string_bytes.md', 436, 438 ]
392 info preinstall debug@2.6.0
393 verbose readDependencies loading dependencies from C:\wamp64\www\se\node_modules\time\node_modules\debug\package.json
394 silly gunzTarPerm extractEntry doc/v8_internals.md
395 silly gunzTarPerm modified mode [ 'doc/v8_internals.md', 436, 438 ]
396 silly gunzTarPerm extractEntry doc/v8_misc.md
397 silly gunzTarPerm modified mode [ 'doc/v8_misc.md', 436, 438 ]
398 silly prepareForInstallMany adding ms@0.7.2 from debug dependencies
399 verbose readDependencies loading dependencies from C:\wamp64\www\se\node_modules\time\node_modules\debug\package.json
400 silly cache add args [ 'ms@0.7.2', null ]
401 verbose cache add spec ms@0.7.2
402 silly cache add parsed spec Result {
402 silly cache add   raw: 'ms@0.7.2',
402 silly cache add   scope: null,
402 silly cache add   name: 'ms',
402 silly cache add   rawSpec: '0.7.2',
402 silly cache add   spec: '0.7.2',
402 silly cache add   type: 'version' }
403 silly addNamed ms@0.7.2
404 verbose addNamed "0.7.2" is a plain semver version for ms
405 silly mapToRegistry name ms
406 silly mapToRegistry using default registry
407 silly mapToRegistry registry https://registry.npmjs.org/
408 silly mapToRegistry data Result {
408 silly mapToRegistry   raw: 'ms',
408 silly mapToRegistry   scope: null,
408 silly mapToRegistry   name: 'ms',
408 silly mapToRegistry   rawSpec: '',
408 silly mapToRegistry   spec: 'latest',
408 silly mapToRegistry   type: 'tag' }
409 silly mapToRegistry uri https://registry.npmjs.org/ms
410 verbose addNameVersion registry:https://registry.npmjs.org/ms not in flight; fetching
411 silly gunzTarPerm extractEntry nan.h
412 silly gunzTarPerm modified mode [ 'nan.h', 436, 438 ]
413 silly gunzTarPerm extractEntry nan_callbacks.h
414 silly gunzTarPerm modified mode [ 'nan_callbacks.h', 436, 438 ]
415 silly gunzTarPerm extractEntry nan_callbacks_12_inl.h
416 silly gunzTarPerm modified mode [ 'nan_callbacks_12_inl.h', 436, 438 ]
417 silly gunzTarPerm extractEntry nan_callbacks_pre_12_inl.h
418 silly gunzTarPerm modified mode [ 'nan_callbacks_pre_12_inl.h', 436, 438 ]
419 silly gunzTarPerm extractEntry nan_converters_43_inl.h
420 silly gunzTarPerm modified mode [ 'nan_converters_43_inl.h', 436, 438 ]
421 silly gunzTarPerm extractEntry nan_converters_pre_43_inl.h
422 silly gunzTarPerm modified mode [ 'nan_converters_pre_43_inl.h', 436, 438 ]
423 silly gunzTarPerm extractEntry nan_implementation_12_inl.h
424 silly gunzTarPerm modified mode [ 'nan_implementation_12_inl.h', 436, 438 ]
425 silly gunzTarPerm extractEntry nan_implementation_pre_12_inl.h
426 silly gunzTarPerm modified mode [ 'nan_implementation_pre_12_inl.h', 436, 438 ]
427 verbose request uri https://registry.npmjs.org/ms
428 verbose request no auth needed
429 info attempt registry request try #1 at 3:35:48 PM
430 verbose etag W/"5865d365-2c43"
431 verbose lastModified Fri, 30 Dec 2016 03:24:21 GMT
432 http request GET https://registry.npmjs.org/ms
433 silly gunzTarPerm extractEntry nan_maybe_43_inl.h
434 silly gunzTarPerm modified mode [ 'nan_maybe_43_inl.h', 436, 438 ]
435 silly gunzTarPerm extractEntry nan_maybe_pre_43_inl.h
436 silly gunzTarPerm modified mode [ 'nan_maybe_pre_43_inl.h', 436, 438 ]
437 silly gunzTarPerm extractEntry nan_new.h
438 silly gunzTarPerm modified mode [ 'nan_new.h', 436, 438 ]
439 silly gunzTarPerm extractEntry nan_object_wrap.h
440 silly gunzTarPerm modified mode [ 'nan_object_wrap.h', 436, 438 ]
441 silly gunzTarPerm extractEntry nan_persistent_12_inl.h
442 silly gunzTarPerm modified mode [ 'nan_persistent_12_inl.h', 436, 438 ]
443 silly gunzTarPerm extractEntry nan_persistent_pre_12_inl.h
444 silly gunzTarPerm modified mode [ 'nan_persistent_pre_12_inl.h', 436, 438 ]
445 silly gunzTarPerm extractEntry nan_private.h
446 silly gunzTarPerm modified mode [ 'nan_private.h', 436, 438 ]
447 silly gunzTarPerm extractEntry nan_string_bytes.h
448 silly gunzTarPerm modified mode [ 'nan_string_bytes.h', 436, 438 ]
449 silly gunzTarPerm extractEntry nan_typedarray_contents.h
450 silly gunzTarPerm modified mode [ 'nan_typedarray_contents.h', 436, 438 ]
451 silly gunzTarPerm extractEntry nan_weak.h
452 silly gunzTarPerm modified mode [ 'nan_weak.h', 436, 438 ]
453 silly gunzTarPerm extractEntry tools/package.json
454 silly gunzTarPerm modified mode [ 'tools/package.json', 436, 438 ]
455 silly gunzTarPerm extractEntry tools/README.md
456 silly gunzTarPerm modified mode [ 'tools/README.md', 436, 438 ]
457 silly gunzTarPerm extractEntry tools/1to2.js
458 silly gunzTarPerm modified mode [ 'tools/1to2.js', 509, 511 ]
459 http 304 https://registry.npmjs.org/ms
460 verbose headers { date: 'Mon, 23 Jan 2017 12:05:46 GMT',
460 verbose headers   via: '1.1 varnish',
460 verbose headers   'cache-control': 'max-age=300',
460 verbose headers   etag: 'W/"5865d365-2c43"',
460 verbose headers   age: '148',
460 verbose headers   connection: 'keep-alive',
460 verbose headers   'x-served-by': 'cache-hhn1527-HHN',
460 verbose headers   'x-cache': 'HIT',
460 verbose headers   'x-cache-hits': '17',
460 verbose headers   'x-timer': 'S1485173146.764976,VS0,VE0',
460 verbose headers   vary: 'Accept-Encoding' }
461 silly get cb [ 304,
461 silly get   { date: 'Mon, 23 Jan 2017 12:05:46 GMT',
461 silly get     via: '1.1 varnish',
461 silly get     'cache-control': 'max-age=300',
461 silly get     etag: 'W/"5865d365-2c43"',
461 silly get     age: '148',
461 silly get     connection: 'keep-alive',
461 silly get     'x-served-by': 'cache-hhn1527-HHN',
461 silly get     'x-cache': 'HIT',
461 silly get     'x-cache-hits': '17',
461 silly get     'x-timer': 'S1485173146.764976,VS0,VE0',
461 silly get     vary: 'Accept-Encoding' } ]
462 verbose etag https://registry.npmjs.org/ms from cache
463 verbose get saving ms to C:\Users\Amir Hossein\AppData\Roaming\npm-cache\registry.npmjs.org\ms\.cache.json
464 verbose correctMkdir C:\Users\Amir Hossein\AppData\Roaming\npm-cache correctMkdir not in flight; initializing
465 silly cache afterAdd ms@0.7.2
466 verbose afterAdd C:\Users\Amir Hossein\AppData\Roaming\npm-cache\ms\0.7.2\package\package.json not in flight; writing
467 verbose correctMkdir C:\Users\Amir Hossein\AppData\Roaming\npm-cache correctMkdir not in flight; initializing
468 verbose afterAdd C:\Users\Amir Hossein\AppData\Roaming\npm-cache\ms\0.7.2\package\package.json written
469 silly install resolved [ { name: 'ms',
469 silly install resolved     version: '0.7.2',
469 silly install resolved     description: 'Tiny milisecond conversion utility',
469 silly install resolved     repository: { type: 'git', url: 'git+https://github.com/zeit/ms.git' },
469 silly install resolved     main: './index',
469 silly install resolved     files: [ 'index.js' ],
469 silly install resolved     scripts:
469 silly install resolved      { test: 'xo && mocha test/index.js',
469 silly install resolved        'test-browser': 'serve ./test' },
469 silly install resolved     license: 'MIT',
469 silly install resolved     devDependencies:
469 silly install resolved      { 'expect.js': '^0.3.1',
469 silly install resolved        mocha: '^3.0.2',
469 silly install resolved        serve: '^1.4.0',
469 silly install resolved        xo: '^0.17.0' },
469 silly install resolved     component: { scripts: [Object] },
469 silly install resolved     xo: { space: true, semicolon: false, envs: [Object], rules: [Object] },
469 silly install resolved     gitHead: 'ac92a7e0790ba2622a74d9d60690ca0d2c070a45',
469 silly install resolved     bugs: { url: 'https://github.com/zeit/ms/issues' },
469 silly install resolved     homepage: 'https://github.com/zeit/ms#readme',
469 silly install resolved     _id: 'ms@0.7.2',
469 silly install resolved     _shasum: 'ae25cf2512b3885a1d95d7f037868d8431124765',
469 silly install resolved     _from: 'ms@0.7.2',
469 silly install resolved     _npmVersion: '3.10.8',
469 silly install resolved     _nodeVersion: '6.8.0',
469 silly install resolved     _npmUser: { name: 'leo', email: 'leo@zeit.co' },
469 silly install resolved     dist:
469 silly install resolved      { shasum: 'ae25cf2512b3885a1d95d7f037868d8431124765',
469 silly install resolved        tarball: 'https://registry.npmjs.org/ms/-/ms-0.7.2.tgz' },
469 silly install resolved     maintainers: [ [Object], [Object] ],
469 silly install resolved     _npmOperationalInternal:
469 silly install resolved      { host: 'packages-18-east.internal.npmjs.com',
469 silly install resolved        tmp: 'tmp/ms-0.7.2.tgz_1477383407940_0.4743474116548896' },
469 silly install resolved     directories: {},
469 silly install resolved     _resolved: 'https://registry.npmjs.org/ms/-/ms-0.7.2.tgz',
469 silly install resolved     readme: 'ERROR: No README data found!' } ]
470 info install ms@0.7.2 into C:\wamp64\www\se\node_modules\time\node_modules\debug
471 info installOne ms@0.7.2
472 verbose installOne of ms to C:\wamp64\www\se\node_modules\time\node_modules\debug not in flight; installing
473 verbose correctMkdir C:\Users\Amir Hossein\AppData\Roaming\npm-cache\_locks correctMkdir not in flight; initializing
474 verbose lock using C:\Users\Amir Hossein\AppData\Roaming\npm-cache\_locks\ms-de4e66ff832af63b.lock for C:\wamp64\www\se\node_modules\time\node_modules\debug\node_modules\ms
475 silly install write writing ms 0.7.2 to C:\wamp64\www\se\node_modules\time\node_modules\debug\node_modules\ms
476 verbose unbuild node_modules\time\node_modules\debug\node_modules\ms
477 silly gentlyRm C:\wamp64\www\se\node_modules\time\node_modules\debug\node_modules\ms is being purged from base C:\wamp64\www\se
478 verbose gentlyRm don't care about contents; nuking C:\wamp64\www\se\node_modules\time\node_modules\debug\node_modules\ms
479 verbose tar unpack C:\Users\Amir Hossein\AppData\Roaming\npm-cache\ms\0.7.2\package.tgz
480 verbose tar unpacking to C:\wamp64\www\se\node_modules\time\node_modules\debug\node_modules\ms
481 silly gentlyRm C:\wamp64\www\se\node_modules\time\node_modules\debug\node_modules\ms is being purged
482 verbose gentlyRm don't care about contents; nuking C:\wamp64\www\se\node_modules\time\node_modules\debug\node_modules\ms
483 silly gunzTarPerm modes [ '777', '666' ]
484 verbose write writing to C:\wamp64\www\se\node_modules\time\node_modules\nan\package.json
485 info preinstall nan@2.5.1
486 verbose readDependencies loading dependencies from C:\wamp64\www\se\node_modules\time\node_modules\nan\package.json
487 verbose readDependencies loading dependencies from C:\wamp64\www\se\node_modules\time\node_modules\nan\package.json
488 silly install resolved []
489 verbose about to build C:\wamp64\www\se\node_modules\time\node_modules\nan
490 info build C:\wamp64\www\se\node_modules\time\node_modules\nan
491 info linkStuff nan@2.5.1
492 silly linkStuff nan@2.5.1 has C:\wamp64\www\se\node_modules\time\node_modules as its parent node_modules
493 silly gunzTarPerm extractEntry package.json
494 silly gunzTarPerm modified mode [ 'package.json', 420, 438 ]
495 verbose linkBins nan@2.5.1
496 verbose linkMans nan@2.5.1
497 verbose rebuildBundles nan@2.5.1
498 info install nan@2.5.1
499 silly gunzTarPerm extractEntry README.md
500 silly gunzTarPerm modified mode [ 'README.md', 420, 438 ]
501 silly gunzTarPerm extractEntry index.js
502 silly gunzTarPerm modified mode [ 'index.js', 420, 438 ]
503 info postinstall nan@2.5.1
504 verbose unlock done using C:\Users\Amir Hossein\AppData\Roaming\npm-cache\_locks\nan-e7fee2bd087b5ea2.lock for C:\wamp64\www\se\node_modules\time\node_modules\nan
505 silly gunzTarPerm extractEntry LICENSE.md
506 silly gunzTarPerm modified mode [ 'LICENSE.md', 420, 438 ]
507 verbose write writing to C:\wamp64\www\se\node_modules\time\node_modules\debug\node_modules\ms\package.json
508 info preinstall ms@0.7.2
509 verbose readDependencies loading dependencies from C:\wamp64\www\se\node_modules\time\node_modules\debug\node_modules\ms\package.json
510 verbose readDependencies loading dependencies from C:\wamp64\www\se\node_modules\time\node_modules\debug\node_modules\ms\package.json
511 silly install resolved []
512 verbose about to build C:\wamp64\www\se\node_modules\time\node_modules\debug\node_modules\ms
513 info build C:\wamp64\www\se\node_modules\time\node_modules\debug\node_modules\ms
514 info linkStuff ms@0.7.2
515 silly linkStuff ms@0.7.2 has C:\wamp64\www\se\node_modules\time\node_modules\debug\node_modules as its parent node_modules
516 verbose linkBins ms@0.7.2
517 verbose linkMans ms@0.7.2
518 verbose rebuildBundles ms@0.7.2
519 info install ms@0.7.2
520 info postinstall ms@0.7.2
521 verbose unlock done using C:\Users\Amir Hossein\AppData\Roaming\npm-cache\_locks\ms-de4e66ff832af63b.lock for C:\wamp64\www\se\node_modules\time\node_modules\debug\node_modules\ms
522 verbose about to build C:\wamp64\www\se\node_modules\time\node_modules\debug
523 info build C:\wamp64\www\se\node_modules\time\node_modules\debug
524 info linkStuff debug@2.6.0
525 silly linkStuff debug@2.6.0 has C:\wamp64\www\se\node_modules\time\node_modules as its parent node_modules
526 verbose linkBins debug@2.6.0
527 verbose linkMans debug@2.6.0
528 verbose rebuildBundles debug@2.6.0
529 verbose rebuildBundles [ 'ms' ]
530 info install debug@2.6.0
531 info postinstall debug@2.6.0
532 verbose unlock done using C:\Users\Amir Hossein\AppData\Roaming\npm-cache\_locks\debug-3695451c514ce2ee.lock for C:\wamp64\www\se\node_modules\time\node_modules\debug
533 verbose about to build C:\wamp64\www\se\node_modules\time
534 info build C:\wamp64\www\se\node_modules\time
535 info linkStuff time@0.11.4
536 silly linkStuff time@0.11.4 has C:\wamp64\www\se\node_modules as its parent node_modules
537 verbose linkBins time@0.11.4
538 verbose linkMans time@0.11.4
539 verbose rebuildBundles time@0.11.4
540 verbose rebuildBundles [ 'bindings', 'debug', 'nan' ]
541 info install time@0.11.4
542 verbose unsafe-perm in lifecycle true
543 info time@0.11.4 Failed to exec install script
544 verbose unlock done using C:\Users\Amir Hossein\AppData\Roaming\npm-cache\_locks\time-a3656e882c69fbcc.lock for C:\wamp64\www\se\node_modules\time
545 verbose stack Error: time@0.11.4 install: `node-gyp rebuild`
545 verbose stack Exit status 1
545 verbose stack     at EventEmitter.<anonymous> (C:\Program Files\nodejs\node_modules\npm\lib\utils\lifecycle.js:217:16)
545 verbose stack     at emitTwo (events.js:87:13)
545 verbose stack     at EventEmitter.emit (events.js:172:7)
545 verbose stack     at ChildProcess.<anonymous> (C:\Program Files\nodejs\node_modules\npm\lib\utils\spawn.js:24:14)
545 verbose stack     at emitTwo (events.js:87:13)
545 verbose stack     at ChildProcess.emit (events.js:172:7)
545 verbose stack     at maybeClose (internal/child_process.js:827:16)
545 verbose stack     at Process.ChildProcess._handle.onexit (internal/child_process.js:211:5)
546 verbose pkgid time@0.11.4
547 verbose cwd C:\wamp64\www\se
548 error Windows_NT 10.0.14393
549 error argv "C:\\Program Files\\nodejs\\node.exe" "C:\\Program Files\\nodejs\\node_modules\\npm\\bin\\npm-cli.js" "install" "time"
550 error node v4.4.7
551 error npm  v2.15.8
552 error code ELIFECYCLE
553 error time@0.11.4 install: `node-gyp rebuild`
553 error Exit status 1
554 error Failed at the time@0.11.4 install script 'node-gyp rebuild'.
554 error This is most likely a problem with the time package,
554 error not with npm itself.
554 error Tell the author that this fails on your system:
554 error     node-gyp rebuild
554 error You can get information on how to open an issue for this project with:
554 error     npm bugs time
554 error Or if that isn't available, you can get their info via:
554 error
554 error     npm owner ls time
554 error There is likely additional logging output above.
555 verbose exit [ 1, true ]
556 verbose unbuild node_modules\time
557 info preuninstall time@0.11.4
558 info uninstall time@0.11.4
559 verbose unbuild rmStuff time@0.11.4 from C:\wamp64\www\se\node_modules
560 info postuninstall time@0.11.4
561 silly gentlyRm C:\wamp64\www\se\node_modules\time is being purged from base C:\wamp64\www\se
562 verbose gentlyRm don't care about contents; nuking C:\wamp64\www\se\node_modules\time
563 silly vacuum-fs purging C:\wamp64\www\se\node_modules\time
564 silly vacuum-fs quitting because other entries in C:\wamp64\www\se\node_modules
